#
# There is insufficient memory for the Java Runtime Environment to continue.
# Native memory allocation (mmap) failed to map 123731968 bytes for G1 virtual space
# Possible reasons:
#   The system is out of physical RAM or swap space
#   The process is running with CompressedOops enabled, and the Java Heap may be blocking the growth of the native heap
# Possible solutions:
#   Reduce memory load on the system
#   Increase physical memory or swap space
#   Check if swap backing store is full
#   Decrease Java heap size (-Xmx/-Xms)
#   Decrease number of Java threads
#   Decrease Java thread stack sizes (-Xss)
#   Set larger code cache with -XX:ReservedCodeCacheSize=
#   JVM is running with Unscaled Compressed Oops mode in which the Java heap is
#     placed in the first 4GB address space. The Java Heap base address is the
#     maximum limit for the native heap growth. Please use -XX:HeapBaseMinAddress
#     to set the Java Heap base and to place the Java Heap above 4GB virtual address.
# This output file may be truncated or incomplete.
#
#  Out of Memory Error (os_windows.cpp:3535), pid=3792, tid=17808
#
# JRE version:  (17.0.3+7) (build )
# Java VM: OpenJDK 64-Bit Server VM (17.0.3+7, mixed mode, emulated-client, sharing, tiered, compressed oops, compressed class ptrs, g1 gc, windows-amd64)
# No core dump will be written. Minidumps are not enabled by default on client versions of Windows
#

---------------  S U M M A R Y ------------

Command Line: -Dcom.sun.management.jmxremote -Dcom.sun.management.jmxremote.port=51815 -Dcom.sun.management.jmxremote.authenticate=false -Dcom.sun.management.jmxremote.ssl=false -Djava.rmi.server.hostname=localhost -Dspring.jmx.enabled=true -Dspring.application.admin.enabled=true -XX:TieredStopAtLevel=1 -Dspring.boot.project.name=Cashrich-1 -Dfile.encoding=UTF-8 -XX:+ShowCodeDetailsInExceptionMessages com.cashrich.demo.Cashrich1Application --spring.output.ansi.enabled=always

Host: AMD Ryzen 5 5600H with Radeon Graphics         , 12 cores, 7G,  Windows 11 , 64 bit Build 22621 (10.0.22621.3672)
Time: Sun Jul  7 08:04:36 2024 India Standard Time elapsed time: 0.014693 seconds (0d 0h 0m 0s)

---------------  T H R E A D  ---------------

Current thread (0x00000269caf7f480):  JavaThread "Unknown thread" [_thread_in_vm, id=17808, stack(0x0000006ca4300000,0x0000006ca4400000)]

Stack: [0x0000006ca4300000,0x0000006ca4400000]
Native frames: (J=compiled Java code, j=interpreted, Vv=VM code, C=native code)
V  [jvm.dll+0x675efa]
V  [jvm.dll+0x830a24]
V  [jvm.dll+0x8321ce]
V  [jvm.dll+0x832833]
V  [jvm.dll+0x2454b5]
V  [jvm.dll+0x672de9]
V  [jvm.dll+0x667732]
V  [jvm.dll+0x3043ab]
V  [jvm.dll+0x30b8f6]
V  [jvm.dll+0x35b62e]
V  [jvm.dll+0x35b85f]
V  [jvm.dll+0x2db248]
V  [jvm.dll+0x2dc1b4]
V  [jvm.dll+0x802651]
V  [jvm.dll+0x3693b1]
V  [jvm.dll+0x7e1aac]
V  [jvm.dll+0x3ebd8f]
V  [jvm.dll+0x3ed911]
C  [jli.dll+0x5277]
C  [ucrtbase.dll+0x29333]
C  [KERNEL32.DLL+0x1257d]
C  [ntdll.dll+0x5af28]


---------------  P R O C E S S  ---------------

Threads class SMR info:
_java_thread_list=0x00007ffa33e56e98, length=0, elements={
}

Java Threads: ( => current thread )

Other Threads:
  0x00000269cafd85b0 GCTaskThread "GC Thread#0" [stack: 0x0000006ca4400000,0x0000006ca4500000] [id=12824]
  0x00000269cafe87d0 ConcurrentGCThread "G1 Main Marker" [stack: 0x0000006ca4500000,0x0000006ca4600000] [id=13324]
  0x00000269cafe91e0 ConcurrentGCThread "G1 Conc#0" [stack: 0x0000006ca4600000,0x0000006ca4700000] [id=23464]

[error occurred during error reporting (printing all threads), id 0xc0000005, EXCEPTION_ACCESS_VIOLATION (0xc0000005) at pc=0x00007ffa3362bcd7]

VM state: not at safepoint (not fully initialized)

VM Mutex/Monitor currently owned by a thread:  ([mutex/lock_event])
[0x00000269caf7ca40] Heap_lock - owner thread: 0x00000269caf7f480

Heap address: 0x000000008a600000, size: 1882 MB, Compressed Oops mode: 32-bit

CDS archive(s) mapped at: [0x0000000000000000-0x0000000000000000-0x0000000000000000), size 0, SharedBaseAddress: 0x0000000800000000, ArchiveRelocationMode: 0.
Narrow klass base: 0x0000000000000000, Narrow klass shift: 0, Narrow klass range: 0x0

GC Precious Log:
<Empty>

Heap:
 garbage-first heap   total 0K, used 0K [0x000000008a600000, 0x0000000100000000)
  region size 1024K, 0 young (0K), 0 survivors (0K)

[error occurred during error reporting (printing heap information), id 0xc0000005, EXCEPTION_ACCESS_VIOLATION (0xc0000005) at pc=0x00007ffa33a0f249]

GC Heap History (0 events):
No events

Deoptimization events (0 events):
No events

Classes unloaded (0 events):
No events

Classes redefined (0 events):
No events

Internal exceptions (0 events):
No events

VM Operations (0 events):
No events

Events (1 events):
Event: 0.009 Loaded shared library C:\Users\91880\Downloads\sts-4.15.1.RELEASE\plugins\org.eclipse.justj.openjdk.hotspot.jre.full.win32.x86_64_17.0.3.v20220515-1416\jre\bin\java.dll


Dynamic libraries:
0x00007ff79e300000 - 0x00007ff79e30e000 	C:\Users\91880\Downloads\sts-4.15.1.RELEASE\plugins\org.eclipse.justj.openjdk.hotspot.jre.full.win32.x86_64_17.0.3.v20220515-1416\jre\bin\javaw.exe
0x00007ffad43f0000 - 0x00007ffad4607000 	C:\WINDOWS\SYSTEM32\ntdll.dll
0x00007ffad32f0000 - 0x00007ffad33b4000 	C:\WINDOWS\System32\KERNEL32.DLL
0x00007ffad1be0000 - 0x00007ffad1f8c000 	C:\WINDOWS\System32\KERNELBASE.dll
0x00007ffad1f90000 - 0x00007ffad20a1000 	C:\WINDOWS\System32\ucrtbase.dll
0x00007ffa96fe0000 - 0x00007ffa96ff8000 	C:\Users\91880\Downloads\sts-4.15.1.RELEASE\plugins\org.eclipse.justj.openjdk.hotspot.jre.full.win32.x86_64_17.0.3.v20220515-1416\jre\bin\jli.dll
0x00007ffa96fc0000 - 0x00007ffa96fd9000 	C:\Users\91880\Downloads\sts-4.15.1.RELEASE\plugins\org.eclipse.justj.openjdk.hotspot.jre.full.win32.x86_64_17.0.3.v20220515-1416\jre\bin\VCRUNTIME140.dll
0x00007ffad3440000 - 0x00007ffad35ee000 	C:\WINDOWS\System32\USER32.dll
0x00007ffac0e60000 - 0x00007ffac10f3000 	C:\WINDOWS\WinSxS\amd64_microsoft.windows.common-controls_6595b64144ccf1df_6.0.22621.3672_none_2713b9d173822955\COMCTL32.dll
0x00007ffad1840000 - 0x00007ffad1866000 	C:\WINDOWS\System32\win32u.dll
0x00007ffad3960000 - 0x00007ffad3a07000 	C:\WINDOWS\System32\msvcrt.dll
0x00007ffad3130000 - 0x00007ffad3159000 	C:\WINDOWS\System32\GDI32.dll
0x00007ffad1720000 - 0x00007ffad1839000 	C:\WINDOWS\System32\gdi32full.dll
0x00007ffad1b40000 - 0x00007ffad1bda000 	C:\WINDOWS\System32\msvcp_win.dll
0x00007ffad2cc0000 - 0x00007ffad2cf1000 	C:\WINDOWS\System32\IMM32.DLL
0x00007ffab9680000 - 0x00007ffab968c000 	C:\Users\91880\Downloads\sts-4.15.1.RELEASE\plugins\org.eclipse.justj.openjdk.hotspot.jre.full.win32.x86_64_17.0.3.v20220515-1416\jre\bin\vcruntime140_1.dll
0x00007ffa5bb20000 - 0x00007ffa5bbb1000 	C:\Users\91880\Downloads\sts-4.15.1.RELEASE\plugins\org.eclipse.justj.openjdk.hotspot.jre.full.win32.x86_64_17.0.3.v20220515-1416\jre\bin\msvcp140.dll
0x00007ffa33340000 - 0x00007ffa33f88000 	C:\Users\91880\Downloads\sts-4.15.1.RELEASE\plugins\org.eclipse.justj.openjdk.hotspot.jre.full.win32.x86_64_17.0.3.v20220515-1416\jre\bin\server\jvm.dll
0x00007ffad2be0000 - 0x00007ffad2c92000 	C:\WINDOWS\System32\ADVAPI32.dll
0x00007ffad4140000 - 0x00007ffad41ea000 	C:\WINDOWS\System32\sechost.dll
0x00007ffad19a0000 - 0x00007ffad19c8000 	C:\WINDOWS\System32\bcrypt.dll
0x00007ffad3a10000 - 0x00007ffad3b25000 	C:\WINDOWS\System32\RPCRT4.dll
0x00007ffad2ca0000 - 0x00007ffad2ca8000 	C:\WINDOWS\System32\PSAPI.DLL
0x00007ffacc580000 - 0x00007ffacc5b4000 	C:\WINDOWS\SYSTEM32\WINMM.dll
0x00007ffacba00000 - 0x00007ffacba0a000 	C:\WINDOWS\SYSTEM32\VERSION.dll
0x00007ffab91b0000 - 0x00007ffab91b9000 	C:\WINDOWS\SYSTEM32\WSOCK32.dll
0x00007ffad2b60000 - 0x00007ffad2bd1000 	C:\WINDOWS\System32\WS2_32.dll
0x00007ffad0750000 - 0x00007ffad0768000 	C:\WINDOWS\SYSTEM32\kernel.appcore.dll
0x00007ffaad3f0000 - 0x00007ffaad3fa000 	C:\Users\91880\Downloads\sts-4.15.1.RELEASE\plugins\org.eclipse.justj.openjdk.hotspot.jre.full.win32.x86_64_17.0.3.v20220515-1416\jre\bin\jimage.dll
0x00007ffac8600000 - 0x00007ffac8832000 	C:\WINDOWS\SYSTEM32\DBGHELP.DLL
0x00007ffad2d00000 - 0x00007ffad3088000 	C:\WINDOWS\System32\combase.dll
0x00007ffad3160000 - 0x00007ffad3237000 	C:\WINDOWS\System32\OLEAUT32.dll
0x00007ffab1020000 - 0x00007ffab1052000 	C:\WINDOWS\SYSTEM32\dbgcore.DLL
0x00007ffad20b0000 - 0x00007ffad212b000 	C:\WINDOWS\System32\bcryptPrimitives.dll
0x00007ffa9df50000 - 0x00007ffa9df75000 	C:\Users\91880\Downloads\sts-4.15.1.RELEASE\plugins\org.eclipse.justj.openjdk.hotspot.jre.full.win32.x86_64_17.0.3.v20220515-1416\jre\bin\java.dll

dbghelp: loaded successfully - version: 4.0.5 - missing functions: none
symbol engine: initialized successfully - sym options: 0x614 - pdb path: .;C:\Users\91880\Downloads\sts-4.15.1.RELEASE\plugins\org.eclipse.justj.openjdk.hotspot.jre.full.win32.x86_64_17.0.3.v20220515-1416\jre\bin;C:\WINDOWS\SYSTEM32;C:\WINDOWS\WinSxS\amd64_microsoft.windows.common-controls_6595b64144ccf1df_6.0.22621.3672_none_2713b9d173822955;C:\Users\91880\Downloads\sts-4.15.1.RELEASE\plugins\org.eclipse.justj.openjdk.hotspot.jre.full.win32.x86_64_17.0.3.v20220515-1416\jre\bin\server

VM Arguments:
jvm_args: -Dcom.sun.management.jmxremote -Dcom.sun.management.jmxremote.port=51815 -Dcom.sun.management.jmxremote.authenticate=false -Dcom.sun.management.jmxremote.ssl=false -Djava.rmi.server.hostname=localhost -Dspring.jmx.enabled=true -Dspring.application.admin.enabled=true -XX:TieredStopAtLevel=1 -Dspring.boot.project.name=Cashrich-1 -Dfile.encoding=UTF-8 -XX:+ShowCodeDetailsInExceptionMessages 
java_command: com.cashrich.demo.Cashrich1Application --spring.output.ansi.enabled=always
java_class_path (initial): C:\Users\91880\Documents\CashRich\Cashrich-1\target\classes;C:\Users\91880\.m2\repository\org\springframework\boot\spring-boot-starter-data-jpa\3.3.1\spring-boot-starter-data-jpa-3.3.1.jar;C:\Users\91880\.m2\repository\org\springframework\boot\spring-boot-starter-aop\3.3.1\spring-boot-starter-aop-3.3.1.jar;C:\Users\91880\.m2\repository\org\aspectj\aspectjweaver\1.9.22\aspectjweaver-1.9.22.jar;C:\Users\91880\.m2\repository\org\springframework\boot\spring-boot-starter-jdbc\3.3.1\spring-boot-starter-jdbc-3.3.1.jar;C:\Users\91880\.m2\repository\com\zaxxer\HikariCP\5.1.0\HikariCP-5.1.0.jar;C:\Users\91880\.m2\repository\org\springframework\spring-jdbc\6.1.10\spring-jdbc-6.1.10.jar;C:\Users\91880\.m2\repository\org\hibernate\orm\hibernate-core\6.5.2.Final\hibernate-core-6.5.2.Final.jar;C:\Users\91880\.m2\repository\jakarta\persistence\jakarta.persistence-api\3.1.0\jakarta.persistence-api-3.1.0.jar;C:\Users\91880\.m2\repository\jakarta\transaction\jakarta.transaction-api\2.0.1\jakarta.transaction-api-2.0.1.jar;C:\Users\91880\.m2\repository\org\jboss\logging\jboss-logging\3.5.3.Final\jboss-logging-3.5.3.Final.jar;C:\Users\91880\.m2\repository\org\hibernate\common\hibernate-commons-annotations\6.0.6.Final\hibernate-commons-annotations-6.0.6.Final.jar;C:\Users\91880\.m2\repository\io\smallrye\jandex\3.1.2\jandex-3.1.2.jar;C:\Users\91880\.m2\repository\com\fasterxml\classmate\1.7.0\classmate-1.7.0.jar;C:\Users\91880\.m2\repository\net\bytebuddy\byte-buddy\1.14.17\byte-buddy-1.14.17.jar;C:\Users\91880\.m2\repository\org\glassfish\jaxb\jaxb-runtime\4.0.5\jaxb-runtime-4.0.5.jar;C:\Users\91880\.m2\repository\org\glassfish\jaxb\jaxb-core\4.0.5\jaxb-core-4.0.5.jar;C:\Users\91880\.m2\repository\org\eclipse\angus\angus-activation\2.0.2\angus-activation-2.0.2.jar;C:\Users\91880\.m2\repository\org\glassfish\jaxb\txw2\4.0.5\txw2-4.0.5.jar;C:\Users\91880\.m2\repository\com\sun\istack\istack-commons-runtime\4.1.2\istack-commons-runtime-4.1.2.jar;C:\Users\91880\.
Launcher Type: SUN_STANDARD

[Global flags]
     intx CICompilerCount                          = 4                                         {product} {ergonomic}
     uint ConcGCThreads                            = 3                                         {product} {ergonomic}
     uint G1ConcRefinementThreads                  = 10                                        {product} {ergonomic}
   size_t G1HeapRegionSize                         = 1048576                                   {product} {ergonomic}
    uintx GCDrainStackTargetSize                   = 64                                        {product} {ergonomic}
   size_t InitialHeapSize                          = 123731968                                 {product} {ergonomic}
     bool ManagementServer                         = true                                      {product} {command line}
   size_t MarkStackSize                            = 4194304                                   {product} {ergonomic}
   size_t MaxHeapSize                              = 1973420032                                {product} {ergonomic}
   size_t MinHeapDeltaBytes                        = 1048576                                   {product} {ergonomic}
   size_t MinHeapSize                              = 8388608                                   {product} {ergonomic}
    uintx NonProfiledCodeHeapSize                  = 0                                      {pd product} {ergonomic}
     bool ProfileInterpreter                       = false                                  {pd product} {command line}
    uintx ProfiledCodeHeapSize                     = 0                                      {pd product} {ergonomic}
     bool ShowCodeDetailsInExceptionMessages       = true                                   {manageable} {command line}
   size_t SoftMaxHeapSize                          = 1973420032                             {manageable} {ergonomic}
     intx TieredStopAtLevel                        = 1                                         {product} {command line}
     bool UseCompressedClassPointers               = true                           {product lp64_product} {ergonomic}
     bool UseCompressedOops                        = true                           {product lp64_product} {ergonomic}
     bool UseG1GC                                  = true                                      {product} {ergonomic}
     bool UseLargePagesIndividualAllocation        = false                                  {pd product} {ergonomic}

Logging:
Log output configuration:
 #0: stdout all=warning uptime,level,tags
 #1: stderr all=off uptime,level,tags

Environment Variables:
PATH=C:/Users/91880/Downloads/sts-4.15.1.RELEASE//plugins/org.eclipse.justj.openjdk.hotspot.jre.full.win32.x86_64_17.0.3.v20220515-1416/jre/bin/server;C:/Users/91880/Downloads/sts-4.15.1.RELEASE//plugins/org.eclipse.justj.openjdk.hotspot.jre.full.win32.x86_64_17.0.3.v20220515-1416/jre/bin;C:\Program Files\Common Files\Oracle\Java\javapath;C:\windows\system32;C:\windows;C:\windows\System32\Wbem;C:\windows\System32\WindowsPowerShell\v1.0\;C:\windows\System32\OpenSSH\;C:\Program Files (x86)\NVIDIA Corporation\PhysX\Common;C:\Program Files\NVIDIA Corporation\NVIDIA NvDLISR;C:\WINDOWS\system32;C:\WINDOWS;C:\WINDOWS\System32\Wbem;C:\WINDOWS\System32\WindowsPowerShell\v1.0\;C:\WINDOWS\System32\OpenSSH\;C:\Program Files\MySQL\MySQL Server 8.0\bin;C:\Program Files\Git\cmd;C:\Program Files\nodejs\;C:\ProgramData\chocolatey\bin;C:\Program Files\MySQL\MySQL Shell 8.0\bin\;C:\Users\91880\AppData\Local\Programs\Python\Python310\Scripts\;C:\Users\91880\AppData\Local\Programs\Python\Python310\;C:\Users\91880\AppData\Local\Microsoft\WindowsApps;C:\Users\91880\AppData\Local\Programs\Microsoft VS Code\bin;C:\Program Files\JetBrains\IntelliJ IDEA 2021.3.2\bin;C:\Program Files\JetBrains\IntelliJ IDEA Community Edition 2021.3.2\bin;C:\Users\91880\AppData\Local\GitHubDesktop\bin;C:\Users\91880\AppData\Roaming\npm;C:;C:\WINDOWS\system32;C:\WINDOWS;C:\WINDOWS\System32\Wbem;C:\WINDOWS\System32\WindowsPowerShell\v1.0\;C:\WINDOWS\System32\OpenSSH\;C:\Users\91880\AppData\Local\JetBrains\IntelliJ IDEA 2022.3.3\bin;C:\Program Files\Java\jdk-17\bin;C:\Users\91880\Downloads\sts-4.15.1.RELEASE;
USERNAME=91880
OS=Windows_NT
PROCESSOR_IDENTIFIER=AMD64 Family 25 Model 80 Stepping 0, AuthenticAMD



---------------  S Y S T E M  ---------------

OS:
 Windows 11 , 64 bit Build 22621 (10.0.22621.3672)
OS uptime: 5 days 6:10 hours

CPU: total 12 (initial active 12) (12 cores per cpu, 2 threads per core) family 25 model 80 stepping 0 microcode 0x0, cx8, cmov, fxsr, ht, mmx, 3dnowpref, sse, sse2, sse3, ssse3, sse4a, sse4.1, sse4.2, popcnt, lzcnt, tsc, tscinvbit, avx, avx2, aes, erms, clmul, bmi1, bmi2, adx, sha, fma, vzeroupper, clflush, clflushopt

Memory: 4k page, system-wide physical 7521M (428M free)
TotalPageFile size 23921M (AvailPageFile size 137M)
current process WorkingSet (physical memory assigned to process): 11M, peak: 11M
current process commit charge ("private bytes"): 59M, peak: 177M

vm_info: OpenJDK 64-Bit Server VM (17.0.3+7) for windows-amd64 JRE (17.0.3+7), built on Apr 19 2022 16:55:35 by "" with MS VC++ 16.7 (VS2019)

END.
